This file contains any messages produced by compilers while
running configure, to aid debugging if configure makes a mistake.

It was created by . configure 1, which was
generated by GNU Autoconf 2.68.  Invocation command line was

  $ ./configure 

## --------- ##
## Platform. ##
## --------- ##

hostname = julien-Inspiron-1012
uname -m = i686
uname -r = 3.0.0-16-generic
uname -s = Linux
uname -v = #29-Ubuntu SMP Tue Feb 14 12:49:42 UTC 2012

/usr/bin/uname -p = unknown
/bin/uname -X     = unknown

/bin/arch              = unknown
/usr/bin/arch -k       = unknown
/usr/convex/getsysinfo = unknown
/usr/bin/hostinfo      = unknown
/bin/machine           = unknown
/usr/bin/oslevel       = unknown
/bin/universe          = unknown

PATH: /usr/lib/lightdm/lightdm
PATH: /usr/local/sbin
PATH: /usr/local/bin
PATH: /usr/sbin
PATH: /usr/bin
PATH: /sbin
PATH: /bin
PATH: /usr/games


## ----------- ##
## Core tests. ##
## ----------- ##

configure:2395: checking for a BSD-compatible install
configure:2463: result: /usr/bin/install -c
configure:2474: checking whether build environment is sane
configure:2524: result: yes
configure:2665: checking for a thread-safe mkdir -p
configure:2704: result: /bin/mkdir -p
configure:2717: checking for gawk
configure:2747: result: no
configure:2717: checking for mawk
configure:2733: found /usr/bin/mawk
configure:2744: result: mawk
configure:2755: checking whether make sets $(MAKE)
configure:2777: result: yes
configure:2909: checking for gcc
configure:2925: found /usr/bin/gcc
configure:2936: result: gcc
configure:3165: checking for C compiler version
configure:3174: gcc --version >&5
gcc (Ubuntu/Linaro 4.6.1-9ubuntu3) 4.6.1
Copyright (C) 2011 Free Software Foundation, Inc.
This is free software; see the source for copying conditions.  There is NO
warranty; not even for MERCHANTABILITY or FITNESS FOR A PARTICULAR PURPOSE.

configure:3185: $? = 0
configure:3174: gcc -v >&5
Using built-in specs.
COLLECT_GCC=gcc
COLLECT_LTO_WRAPPER=/usr/lib/gcc/i686-linux-gnu/4.6.1/lto-wrapper
Target: i686-linux-gnu
Configured with: ../src/configure -v --with-pkgversion='Ubuntu/Linaro 4.6.1-9ubuntu3' --with-bugurl=file:///usr/share/doc/gcc-4.6/README.Bugs --enable-languages=c,c++,fortran,objc,obj-c++,go --prefix=/usr --program-suffix=-4.6 --enable-shared --enable-linker-build-id --with-system-zlib --libexecdir=/usr/lib --without-included-gettext --enable-threads=posix --with-gxx-include-dir=/usr/include/c++/4.6 --libdir=/usr/lib --enable-nls --with-sysroot=/ --enable-clocale=gnu --enable-libstdcxx-debug --enable-libstdcxx-time=yes --enable-plugin --enable-objc-gc --enable-targets=all --disable-werror --with-arch-32=i686 --with-tune=generic --enable-checking=release --build=i686-linux-gnu --host=i686-linux-gnu --target=i686-linux-gnu
Thread model: posix
gcc version 4.6.1 (Ubuntu/Linaro 4.6.1-9ubuntu3) 
configure:3185: $? = 0
configure:3174: gcc -V >&5
gcc: error: unrecognized option '-V'
gcc: fatal error: no input files
compilation terminated.
configure:3185: $? = 4
configure:3174: gcc -qversion >&5
gcc: error: unrecognized option '-qversion'
gcc: fatal error: no input files
compilation terminated.
configure:3185: $? = 4
configure:3205: checking whether the C compiler works
configure:3227: gcc    conftest.c  >&5
configure:3231: $? = 0
configure:3279: result: yes
configure:3282: checking for C compiler default output file name
configure:3284: result: a.out
configure:3290: checking for suffix of executables
configure:3297: gcc -o conftest    conftest.c  >&5
configure:3301: $? = 0
configure:3323: result: 
configure:3345: checking whether we are cross compiling
configure:3353: gcc -o conftest    conftest.c  >&5
configure:3357: $? = 0
configure:3364: ./conftest
configure:3368: $? = 0
configure:3383: result: no
configure:3388: checking for suffix of object files
configure:3410: gcc -c   conftest.c >&5
configure:3414: $? = 0
configure:3435: result: o
configure:3439: checking whether we are using the GNU C compiler
configure:3458: gcc -c   conftest.c >&5
configure:3458: $? = 0
configure:3467: result: yes
configure:3476: checking whether gcc accepts -g
configure:3496: gcc -c -g  conftest.c >&5
configure:3496: $? = 0
configure:3537: result: yes
configure:3554: checking for gcc option to accept ISO C89
configure:3618: gcc  -c -g -O2  conftest.c >&5
configure:3618: $? = 0
configure:3631: result: none needed
configure:3662: checking for style of include used by make
configure:3690: result: GNU
configure:3715: checking dependency style of gcc
configure:3825: result: gcc3
configure:3898: checking for g++
configure:3914: found /usr/bin/g++
configure:3925: result: g++
configure:3952: checking for C++ compiler version
configure:3961: g++ --version >&5
g++ (Ubuntu/Linaro 4.6.1-9ubuntu3) 4.6.1
Copyright (C) 2011 Free Software Foundation, Inc.
This is free software; see the source for copying conditions.  There is NO
warranty; not even for MERCHANTABILITY or FITNESS FOR A PARTICULAR PURPOSE.

configure:3972: $? = 0
configure:3961: g++ -v >&5
Using built-in specs.
COLLECT_GCC=g++
COLLECT_LTO_WRAPPER=/usr/lib/gcc/i686-linux-gnu/4.6.1/lto-wrapper
Target: i686-linux-gnu
Configured with: ../src/configure -v --with-pkgversion='Ubuntu/Linaro 4.6.1-9ubuntu3' --with-bugurl=file:///usr/share/doc/gcc-4.6/README.Bugs --enable-languages=c,c++,fortran,objc,obj-c++,go --prefix=/usr --program-suffix=-4.6 --enable-shared --enable-linker-build-id --with-system-zlib --libexecdir=/usr/lib --without-included-gettext --enable-threads=posix --with-gxx-include-dir=/usr/include/c++/4.6 --libdir=/usr/lib --enable-nls --with-sysroot=/ --enable-clocale=gnu --enable-libstdcxx-debug --enable-libstdcxx-time=yes --enable-plugin --enable-objc-gc --enable-targets=all --disable-werror --with-arch-32=i686 --with-tune=generic --enable-checking=release --build=i686-linux-gnu --host=i686-linux-gnu --target=i686-linux-gnu
Thread model: posix
gcc version 4.6.1 (Ubuntu/Linaro 4.6.1-9ubuntu3) 
configure:3972: $? = 0
configure:3961: g++ -V >&5
g++: error: unrecognized option '-V'
g++: fatal error: no input files
compilation terminated.
configure:3972: $? = 4
configure:3961: g++ -qversion >&5
g++: error: unrecognized option '-qversion'
g++: fatal error: no input files
compilation terminated.
configure:3972: $? = 4
configure:3976: checking whether we are using the GNU C++ compiler
configure:3995: g++ -c   conftest.cpp >&5
configure:3995: $? = 0
configure:4004: result: yes
configure:4013: checking whether g++ accepts -g
configure:4033: g++ -c -g  conftest.cpp >&5
configure:4033: $? = 0
configure:4074: result: yes
configure:4099: checking dependency style of g++
configure:4209: result: gcc3
configure:4254: checking build system type
configure:4268: result: i686-pc-linux-gnu
configure:4288: checking host system type
configure:4301: result: i686-pc-linux-gnu
configure:4342: checking how to print strings
configure:4369: result: printf
configure:4390: checking for a sed that does not truncate output
configure:4454: result: /bin/sed
configure:4472: checking for grep that handles long lines and -e
configure:4530: result: /bin/grep
configure:4535: checking for egrep
configure:4597: result: /bin/grep -E
configure:4602: checking for fgrep
configure:4664: result: /bin/grep -F
configure:4699: checking for ld used by gcc
configure:4766: result: /usr/bin/ld
configure:4773: checking if the linker (/usr/bin/ld) is GNU ld
configure:4788: result: yes
configure:4800: checking for BSD- or MS-compatible name lister (nm)
configure:4849: result: /usr/bin/nm -B
configure:4979: checking the name lister (/usr/bin/nm -B) interface
configure:4986: gcc -c -g -O2  conftest.c >&5
configure:4989: /usr/bin/nm -B "conftest.o"
configure:4992: output
00000000 B some_variable
configure:4999: result: BSD nm
configure:5002: checking whether ln -s works
configure:5006: result: yes
configure:5014: checking the maximum length of command line arguments
configure:5139: result: 1572864
configure:5156: checking whether the shell understands some XSI constructs
configure:5166: result: yes
configure:5170: checking whether the shell understands "+="
configure:5176: result: yes
configure:5211: checking how to convert i686-pc-linux-gnu file names to i686-pc-linux-gnu format
configure:5251: result: func_convert_file_noop
configure:5258: checking how to convert i686-pc-linux-gnu file names to toolchain format
configure:5278: result: func_convert_file_noop
configure:5285: checking for /usr/bin/ld option to reload object files
configure:5292: result: -r
configure:5366: checking for objdump
configure:5382: found /usr/bin/objdump
configure:5393: result: objdump
configure:5425: checking how to recognize dependent libraries
configure:5627: result: pass_all
configure:5712: checking for dlltool
configure:5742: result: no
configure:5772: checking how to associate runtime and link libraries
configure:5799: result: printf %s\n
configure:5860: checking for ar
configure:5876: found /usr/bin/ar
configure:5887: result: ar
configure:5924: checking for archiver @FILE support
configure:5941: gcc -c -g -O2  conftest.c >&5
configure:5941: $? = 0
configure:5944: ar cru libconftest.a @conftest.lst >&5
configure:5947: $? = 0
configure:5952: ar cru libconftest.a @conftest.lst >&5
ar: conftest.o: No such file or directory
configure:5955: $? = 1
configure:5967: result: @
configure:6025: checking for strip
configure:6041: found /usr/bin/strip
configure:6052: result: strip
configure:6124: checking for ranlib
configure:6140: found /usr/bin/ranlib
configure:6151: result: ranlib
configure:6253: checking command to parse /usr/bin/nm -B output from gcc object
configure:6372: gcc -c -g -O2  conftest.c >&5
configure:6375: $? = 0
configure:6379: /usr/bin/nm -B conftest.o \| sed -n -e 's/^.*[ ]\([ABCDGIRSTW][ABCDGIRSTW]*\)[ ][ ]*\([_A-Za-z][_A-Za-z0-9]*\)$/\1 \2 \2/p' | sed '/ __gnu_lto/d' \> conftest.nm
configure:6382: $? = 0
configure:6448: gcc -o conftest -g -O2   conftest.c conftstm.o >&5
configure:6451: $? = 0
configure:6489: result: ok
configure:6526: checking for sysroot
configure:6556: result: no
configure:6799: checking for mt
configure:6815: found /bin/mt
configure:6826: result: mt
configure:6849: checking if mt is a manifest tool
configure:6855: mt '-?'
configure:6863: result: no
configure:7495: checking how to run the C preprocessor
configure:7526: gcc -E  conftest.c
configure:7526: $? = 0
configure:7540: gcc -E  conftest.c
conftest.c:11:28: fatal error: ac_nonexistent.h: No such file or directory
compilation terminated.
configure:7540: $? = 1
configure: failed program was:
| /* confdefs.h */
| #define PACKAGE_NAME "."
| #define PACKAGE_TARNAME "-"
| #define PACKAGE_VERSION "1"
| #define PACKAGE_STRING ". 1"
| #define PACKAGE_BUGREPORT ""
| #define PACKAGE_URL ""
| #define PACKAGE "openSMILE"
| #define VERSION "0.0.0"
| /* end confdefs.h.  */
| #include <ac_nonexistent.h>
configure:7565: result: gcc -E
configure:7585: gcc -E  conftest.c
configure:7585: $? = 0
configure:7599: gcc -E  conftest.c
conftest.c:11:28: fatal error: ac_nonexistent.h: No such file or directory
compilation terminated.
configure:7599: $? = 1
configure: failed program was:
| /* confdefs.h */
| #define PACKAGE_NAME "."
| #define PACKAGE_TARNAME "-"
| #define PACKAGE_VERSION "1"
| #define PACKAGE_STRING ". 1"
| #define PACKAGE_BUGREPORT ""
| #define PACKAGE_URL ""
| #define PACKAGE "openSMILE"
| #define VERSION "0.0.0"
| /* end confdefs.h.  */
| #include <ac_nonexistent.h>
configure:7628: checking for ANSI C header files
configure:7648: gcc -c -g -O2  conftest.c >&5
configure:7648: $? = 0
configure:7721: gcc -o conftest -g -O2   conftest.c  >&5
configure:7721: $? = 0
configure:7721: ./conftest
configure:7721: $? = 0
configure:7732: result: yes
configure:7745: checking for sys/types.h
configure:7745: gcc -c -g -O2  conftest.c >&5
configure:7745: $? = 0
configure:7745: result: yes
configure:7745: checking for sys/stat.h
configure:7745: gcc -c -g -O2  conftest.c >&5
configure:7745: $? = 0
configure:7745: result: yes
configure:7745: checking for stdlib.h
configure:7745: gcc -c -g -O2  conftest.c >&5
configure:7745: $? = 0
configure:7745: result: yes
configure:7745: checking for string.h
configure:7745: gcc -c -g -O2  conftest.c >&5
configure:7745: $? = 0
configure:7745: result: yes
configure:7745: checking for memory.h
configure:7745: gcc -c -g -O2  conftest.c >&5
configure:7745: $? = 0
configure:7745: result: yes
configure:7745: checking for strings.h
configure:7745: gcc -c -g -O2  conftest.c >&5
configure:7745: $? = 0
configure:7745: result: yes
configure:7745: checking for inttypes.h
configure:7745: gcc -c -g -O2  conftest.c >&5
configure:7745: $? = 0
configure:7745: result: yes
configure:7745: checking for stdint.h
configure:7745: gcc -c -g -O2  conftest.c >&5
configure:7745: $? = 0
configure:7745: result: yes
configure:7745: checking for unistd.h
configure:7745: gcc -c -g -O2  conftest.c >&5
configure:7745: $? = 0
configure:7745: result: yes
configure:7759: checking for dlfcn.h
configure:7759: gcc -c -g -O2  conftest.c >&5
configure:7759: $? = 0
configure:7759: result: yes
configure:7957: checking for objdir
configure:7972: result: .libs
configure:8243: checking if gcc supports -fno-rtti -fno-exceptions
configure:8261: gcc -c -g -O2  -fno-rtti -fno-exceptions conftest.c >&5
cc1: warning: command line option '-fno-rtti' is valid for C++/ObjC++ but not for C [enabled by default]
configure:8265: $? = 0
configure:8278: result: no
configure:8588: checking for gcc option to produce PIC
configure:8595: result: -fPIC -DPIC
configure:8603: checking if gcc PIC flag -fPIC -DPIC works
configure:8621: gcc -c -g -O2  -fPIC -DPIC -DPIC conftest.c >&5
configure:8625: $? = 0
configure:8638: result: yes
configure:8667: checking if gcc static flag -static works
configure:8695: result: yes
configure:8710: checking if gcc supports -c -o file.o
configure:8731: gcc -c -g -O2  -o out/conftest2.o conftest.c >&5
configure:8735: $? = 0
configure:8757: result: yes
configure:8765: checking if gcc supports -c -o file.o
configure:8812: result: yes
configure:8845: checking whether the gcc linker (/usr/bin/ld) supports shared libraries
configure:10007: result: yes
configure:10044: checking whether -lc should be explicitly linked in
configure:10052: gcc -c -g -O2  conftest.c >&5
configure:10055: $? = 0
configure:10070: gcc -shared  -fPIC -DPIC conftest.o  -v -Wl,-soname -Wl,conftest -o conftest 2\>\&1 \| /bin/grep  -lc  \>/dev/null 2\>\&1
configure:10073: $? = 0
configure:10087: result: no
configure:10252: checking dynamic linker characteristics
configure:10767: gcc -o conftest -g -O2   -Wl,-rpath -Wl,/foo conftest.c  >&5
configure:10767: $? = 0
configure:11001: result: GNU/Linux ld.so
configure:11108: checking how to hardcode library paths into programs
configure:11133: result: immediate
configure:11673: checking whether stripping libraries is possible
configure:11678: result: yes
configure:11713: checking if libtool supports shared libraries
configure:11715: result: yes
configure:11718: checking whether to build shared libraries
configure:11739: result: yes
configure:11742: checking whether to build static libraries
configure:11746: result: yes
configure:11769: checking how to run the C++ preprocessor
configure:11796: g++ -E  conftest.cpp
configure:11796: $? = 0
configure:11810: g++ -E  conftest.cpp
conftest.cpp:23:28: fatal error: ac_nonexistent.h: No such file or directory
compilation terminated.
configure:11810: $? = 1
configure: failed program was:
| /* confdefs.h */
| #define PACKAGE_NAME "."
| #define PACKAGE_TARNAME "-"
| #define PACKAGE_VERSION "1"
| #define PACKAGE_STRING ". 1"
| #define PACKAGE_BUGREPORT ""
| #define PACKAGE_URL ""
| #define PACKAGE "openSMILE"
| #define VERSION "0.0.0"
| #define STDC_HEADERS 1
| #define HAVE_SYS_TYPES_H 1
| #define HAVE_SYS_STAT_H 1
| #define HAVE_STDLIB_H 1
| #define HAVE_STRING_H 1
| #define HAVE_MEMORY_H 1
| #define HAVE_STRINGS_H 1
| #define HAVE_INTTYPES_H 1
| #define HAVE_STDINT_H 1
| #define HAVE_UNISTD_H 1
| #define HAVE_DLFCN_H 1
| #define LT_OBJDIR ".libs/"
| /* end confdefs.h.  */
| #include <ac_nonexistent.h>
configure:11835: result: g++ -E
configure:11855: g++ -E  conftest.cpp
configure:11855: $? = 0
configure:11869: g++ -E  conftest.cpp
conftest.cpp:23:28: fatal error: ac_nonexistent.h: No such file or directory
compilation terminated.
configure:11869: $? = 1
configure: failed program was:
| /* confdefs.h */
| #define PACKAGE_NAME "."
| #define PACKAGE_TARNAME "-"
| #define PACKAGE_VERSION "1"
| #define PACKAGE_STRING ". 1"
| #define PACKAGE_BUGREPORT ""
| #define PACKAGE_URL ""
| #define PACKAGE "openSMILE"
| #define VERSION "0.0.0"
| #define STDC_HEADERS 1
| #define HAVE_SYS_TYPES_H 1
| #define HAVE_SYS_STAT_H 1
| #define HAVE_STDLIB_H 1
| #define HAVE_STRING_H 1
| #define HAVE_MEMORY_H 1
| #define HAVE_STRINGS_H 1
| #define HAVE_INTTYPES_H 1
| #define HAVE_STDINT_H 1
| #define HAVE_UNISTD_H 1
| #define HAVE_DLFCN_H 1
| #define LT_OBJDIR ".libs/"
| /* end confdefs.h.  */
| #include <ac_nonexistent.h>
configure:12039: checking for ld used by g++
configure:12106: result: /usr/bin/ld
configure:12113: checking if the linker (/usr/bin/ld) is GNU ld
configure:12128: result: yes
configure:12183: checking whether the g++ linker (/usr/bin/ld) supports shared libraries
configure:13187: result: yes
configure:13222: g++ -c -g -O2  conftest.cpp >&5
configure:13225: $? = 0
configure:13745: checking for g++ option to produce PIC
configure:13752: result: -fPIC -DPIC
configure:13760: checking if g++ PIC flag -fPIC -DPIC works
configure:13778: g++ -c -g -O2  -fPIC -DPIC -DPIC conftest.cpp >&5
configure:13782: $? = 0
configure:13795: result: yes
configure:13818: checking if g++ static flag -static works
configure:13846: result: yes
configure:13858: checking if g++ supports -c -o file.o
configure:13879: g++ -c -g -O2  -o out/conftest2.o conftest.cpp >&5
configure:13883: $? = 0
configure:13905: result: yes
configure:13910: checking if g++ supports -c -o file.o
configure:13957: result: yes
configure:13987: checking whether the g++ linker (/usr/bin/ld) supports shared libraries
configure:14024: result: yes
configure:14167: checking dynamic linker characteristics
configure:14850: result: GNU/Linux ld.so
configure:14903: checking how to hardcode library paths into programs
configure:14928: result: immediate
configure:14988: checking whether gcc and cc understand -c and -o together
configure:15019: gcc -c conftest.c -o conftest2.o >&5
configure:15023: $? = 0
configure:15029: gcc -c conftest.c -o conftest2.o >&5
configure:15033: $? = 0
configure:15044: cc -c conftest.c >&5
configure:15048: $? = 0
configure:15056: cc -c conftest.c -o conftest2.o >&5
configure:15060: $? = 0
configure:15066: cc -c conftest.c -o conftest2.o >&5
configure:15070: $? = 0
configure:15088: result: yes
configure:15147: checking for libsemaineapi
configure:15168: result: no
configure:15170: WARNING: LibSemaineAPI not found!! Configuring only standalone feature extractor
configure:15258: checking for Pa_Initialize in -lportaudio
configure:15283: gcc -o conftest -g -O2   conftest.c -lportaudio   >&5
/usr/bin/ld: cannot find -lportaudio
collect2: ld returned 1 exit status
configure:15283: $? = 1
configure: failed program was:
| /* confdefs.h */
| #define PACKAGE_NAME "."
| #define PACKAGE_TARNAME "-"
| #define PACKAGE_VERSION "1"
| #define PACKAGE_STRING ". 1"
| #define PACKAGE_BUGREPORT ""
| #define PACKAGE_URL ""
| #define PACKAGE "openSMILE"
| #define VERSION "0.0.0"
| #define STDC_HEADERS 1
| #define HAVE_SYS_TYPES_H 1
| #define HAVE_SYS_STAT_H 1
| #define HAVE_STDLIB_H 1
| #define HAVE_STRING_H 1
| #define HAVE_MEMORY_H 1
| #define HAVE_STRINGS_H 1
| #define HAVE_INTTYPES_H 1
| #define HAVE_STDINT_H 1
| #define HAVE_UNISTD_H 1
| #define HAVE_DLFCN_H 1
| #define LT_OBJDIR ".libs/"
| /* end confdefs.h.  */
| 
| /* Override any GCC internal prototype to avoid an error.
|    Use char because int might match the return type of a GCC
|    builtin and then its argument prototype would still apply.  */
| #ifdef __cplusplus
| extern "C"
| #endif
| char Pa_Initialize ();
| int
| main ()
| {
| return Pa_Initialize ();
|   ;
|   return 0;
| }
configure:15292: result: no
configure:15303: checking for Pa_GetHostApiCount in -lportaudio
configure:15328: gcc -o conftest -g -O2   conftest.c -lportaudio   >&5
/usr/bin/ld: cannot find -lportaudio
collect2: ld returned 1 exit status
configure:15328: $? = 1
configure: failed program was:
| /* confdefs.h */
| #define PACKAGE_NAME "."
| #define PACKAGE_TARNAME "-"
| #define PACKAGE_VERSION "1"
| #define PACKAGE_STRING ". 1"
| #define PACKAGE_BUGREPORT ""
| #define PACKAGE_URL ""
| #define PACKAGE "openSMILE"
| #define VERSION "0.0.0"
| #define STDC_HEADERS 1
| #define HAVE_SYS_TYPES_H 1
| #define HAVE_SYS_STAT_H 1
| #define HAVE_STDLIB_H 1
| #define HAVE_STRING_H 1
| #define HAVE_MEMORY_H 1
| #define HAVE_STRINGS_H 1
| #define HAVE_INTTYPES_H 1
| #define HAVE_STDINT_H 1
| #define HAVE_UNISTD_H 1
| #define HAVE_DLFCN_H 1
| #define LT_OBJDIR ".libs/"
| /* end confdefs.h.  */
| 
| /* Override any GCC internal prototype to avoid an error.
|    Use char because int might match the return type of a GCC
|    builtin and then its argument prototype would still apply.  */
| #ifdef __cplusplus
| extern "C"
| #endif
| char Pa_GetHostApiCount ();
| int
| main ()
| {
| return Pa_GetHostApiCount ();
|   ;
|   return 0;
| }
configure:15337: result: no
configure:15371: WARNING: Compiling WITHOUT PortAudio support!! Sound recording will probably be broken!
configure:15551: checking for the pthreads library -lpthreads
configure:15584: gcc -o conftest -g -O2    conftest.c -lpthreads  >&5
/usr/bin/ld: cannot find -lpthreads
collect2: ld returned 1 exit status
configure:15584: $? = 1
configure: failed program was:
| /* confdefs.h */
| #define PACKAGE_NAME "."
| #define PACKAGE_TARNAME "-"
| #define PACKAGE_VERSION "1"
| #define PACKAGE_STRING ". 1"
| #define PACKAGE_BUGREPORT ""
| #define PACKAGE_URL ""
| #define PACKAGE "openSMILE"
| #define VERSION "0.0.0"
| #define STDC_HEADERS 1
| #define HAVE_SYS_TYPES_H 1
| #define HAVE_SYS_STAT_H 1
| #define HAVE_STDLIB_H 1
| #define HAVE_STRING_H 1
| #define HAVE_MEMORY_H 1
| #define HAVE_STRINGS_H 1
| #define HAVE_INTTYPES_H 1
| #define HAVE_STDINT_H 1
| #define HAVE_UNISTD_H 1
| #define HAVE_DLFCN_H 1
| #define LT_OBJDIR ".libs/"
| /* end confdefs.h.  */
| #include <pthread.h>
| int
| main ()
| {
| pthread_t th; pthread_join(th, 0);
|                      pthread_attr_init(0); pthread_cleanup_push(0, 0);
|                      pthread_create(0,0,0,0); pthread_cleanup_pop(0);
|   ;
|   return 0;
| }
configure:15593: result: no
configure:15496: checking whether pthreads work without any flags
configure:15584: gcc -o conftest -g -O2    conftest.c   >&5
/tmp/ccwbt4sm.o: In function `main':
/home/julien/Bureau/sithare/lib/opensmile/conftest.c:27: undefined reference to `pthread_join'
/home/julien/Bureau/sithare/lib/opensmile/conftest.c:28: undefined reference to `__pthread_register_cancel'
/home/julien/Bureau/sithare/lib/opensmile/conftest.c:29: undefined reference to `pthread_create'
/home/julien/Bureau/sithare/lib/opensmile/conftest.c:29: undefined reference to `__pthread_unregister_cancel'
collect2: ld returned 1 exit status
configure:15584: $? = 1
configure: failed program was:
| /* confdefs.h */
| #define PACKAGE_NAME "."
| #define PACKAGE_TARNAME "-"
| #define PACKAGE_VERSION "1"
| #define PACKAGE_STRING ". 1"
| #define PACKAGE_BUGREPORT ""
| #define PACKAGE_URL ""
| #define PACKAGE "openSMILE"
| #define VERSION "0.0.0"
| #define STDC_HEADERS 1
| #define HAVE_SYS_TYPES_H 1
| #define HAVE_SYS_STAT_H 1
| #define HAVE_STDLIB_H 1
| #define HAVE_STRING_H 1
| #define HAVE_MEMORY_H 1
| #define HAVE_STRINGS_H 1
| #define HAVE_INTTYPES_H 1
| #define HAVE_STDINT_H 1
| #define HAVE_UNISTD_H 1
| #define HAVE_DLFCN_H 1
| #define LT_OBJDIR ".libs/"
| /* end confdefs.h.  */
| #include <pthread.h>
| int
| main ()
| {
| pthread_t th; pthread_join(th, 0);
|                      pthread_attr_init(0); pthread_cleanup_push(0, 0);
|                      pthread_create(0,0,0,0); pthread_cleanup_pop(0);
|   ;
|   return 0;
| }
configure:15593: result: no
configure:15501: checking whether pthreads work with -Kthread
configure:15584: gcc -o conftest -g -O2 -Kthread   conftest.c   >&5
gcc: error: unrecognized option '-Kthread'
configure:15584: $? = 1
configure: failed program was:
| /* confdefs.h */
| #define PACKAGE_NAME "."
| #define PACKAGE_TARNAME "-"
| #define PACKAGE_VERSION "1"
| #define PACKAGE_STRING ". 1"
| #define PACKAGE_BUGREPORT ""
| #define PACKAGE_URL ""
| #define PACKAGE "openSMILE"
| #define VERSION "0.0.0"
| #define STDC_HEADERS 1
| #define HAVE_SYS_TYPES_H 1
| #define HAVE_SYS_STAT_H 1
| #define HAVE_STDLIB_H 1
| #define HAVE_STRING_H 1
| #define HAVE_MEMORY_H 1
| #define HAVE_STRINGS_H 1
| #define HAVE_INTTYPES_H 1
| #define HAVE_STDINT_H 1
| #define HAVE_UNISTD_H 1
| #define HAVE_DLFCN_H 1
| #define LT_OBJDIR ".libs/"
| /* end confdefs.h.  */
| #include <pthread.h>
| int
| main ()
| {
| pthread_t th; pthread_join(th, 0);
|                      pthread_attr_init(0); pthread_cleanup_push(0, 0);
|                      pthread_create(0,0,0,0); pthread_cleanup_pop(0);
|   ;
|   return 0;
| }
configure:15593: result: no
configure:15501: checking whether pthreads work with -kthread
configure:15584: gcc -o conftest -g -O2 -kthread   conftest.c   >&5
gcc: error: unrecognized option '-kthread'
configure:15584: $? = 1
configure: failed program was:
| /* confdefs.h */
| #define PACKAGE_NAME "."
| #define PACKAGE_TARNAME "-"
| #define PACKAGE_VERSION "1"
| #define PACKAGE_STRING ". 1"
| #define PACKAGE_BUGREPORT ""
| #define PACKAGE_URL ""
| #define PACKAGE "openSMILE"
| #define VERSION "0.0.0"
| #define STDC_HEADERS 1
| #define HAVE_SYS_TYPES_H 1
| #define HAVE_SYS_STAT_H 1
| #define HAVE_STDLIB_H 1
| #define HAVE_STRING_H 1
| #define HAVE_MEMORY_H 1
| #define HAVE_STRINGS_H 1
| #define HAVE_INTTYPES_H 1
| #define HAVE_STDINT_H 1
| #define HAVE_UNISTD_H 1
| #define HAVE_DLFCN_H 1
| #define LT_OBJDIR ".libs/"
| /* end confdefs.h.  */
| #include <pthread.h>
| int
| main ()
| {
| pthread_t th; pthread_join(th, 0);
|                      pthread_attr_init(0); pthread_cleanup_push(0, 0);
|                      pthread_create(0,0,0,0); pthread_cleanup_pop(0);
|   ;
|   return 0;
| }
configure:15593: result: no
configure:15551: checking for the pthreads library -llthread
configure:15584: gcc -o conftest -g -O2    conftest.c -llthread  >&5
/usr/bin/ld: cannot find -llthread
collect2: ld returned 1 exit status
configure:15584: $? = 1
configure: failed program was:
| /* confdefs.h */
| #define PACKAGE_NAME "."
| #define PACKAGE_TARNAME "-"
| #define PACKAGE_VERSION "1"
| #define PACKAGE_STRING ". 1"
| #define PACKAGE_BUGREPORT ""
| #define PACKAGE_URL ""
| #define PACKAGE "openSMILE"
| #define VERSION "0.0.0"
| #define STDC_HEADERS 1
| #define HAVE_SYS_TYPES_H 1
| #define HAVE_SYS_STAT_H 1
| #define HAVE_STDLIB_H 1
| #define HAVE_STRING_H 1
| #define HAVE_MEMORY_H 1
| #define HAVE_STRINGS_H 1
| #define HAVE_INTTYPES_H 1
| #define HAVE_STDINT_H 1
| #define HAVE_UNISTD_H 1
| #define HAVE_DLFCN_H 1
| #define LT_OBJDIR ".libs/"
| /* end confdefs.h.  */
| #include <pthread.h>
| int
| main ()
| {
| pthread_t th; pthread_join(th, 0);
|                      pthread_attr_init(0); pthread_cleanup_push(0, 0);
|                      pthread_create(0,0,0,0); pthread_cleanup_pop(0);
|   ;
|   return 0;
| }
configure:15593: result: no
configure:15551: checking for the pthreads library -lpthread
configure:15584: gcc -o conftest -g -O2    conftest.c -lpthread  >&5
configure:15584: $? = 0
configure:15593: result: yes
configure:15612: checking for joinable pthread attribute
configure:15627: gcc -o conftest -g -O2    conftest.c -lpthread  >&5
configure:15627: $? = 0
configure:15633: result: PTHREAD_CREATE_JOINABLE
configure:15643: checking if more special flags are required for pthreads
configure:15650: result: no
configure:15810: WARNING: Disabling target SEMAINExtract beacuse libsemaineapi was not found or is not useable
configure:16089: creating ./config.status

## ---------------------- ##
## Running config.status. ##
## ---------------------- ##

This file was extended by . config.status 1, which was
generated by GNU Autoconf 2.68.  Invocation command line was

  CONFIG_FILES    = 
  CONFIG_HEADERS  = 
  CONFIG_LINKS    = 
  CONFIG_COMMANDS = 
  $ ./config.status 

on julien-Inspiron-1012

config.status:1180: creating Makefile
config.status:1180: creating config.h
config.status:1361: config.h is unchanged
config.status:1409: executing depfiles commands
config.status:1409: executing libtool commands

## ---------------- ##
## Cache variables. ##
## ---------------- ##

ac_cv_build=i686-pc-linux-gnu
ac_cv_c_compiler_gnu=yes
ac_cv_cxx_compiler_gnu=yes
ac_cv_env_CCC_set=
ac_cv_env_CCC_value=
ac_cv_env_CC_set=
ac_cv_env_CC_value=
ac_cv_env_CFLAGS_set=
ac_cv_env_CFLAGS_value=
ac_cv_env_CPPFLAGS_set=
ac_cv_env_CPPFLAGS_value=
ac_cv_env_CPP_set=
ac_cv_env_CPP_value=
ac_cv_env_CXXCPP_set=
ac_cv_env_CXXCPP_value=
ac_cv_env_CXXFLAGS_set=
ac_cv_env_CXXFLAGS_value=
ac_cv_env_CXX_set=
ac_cv_env_CXX_value=
ac_cv_env_LDFLAGS_set=
ac_cv_env_LDFLAGS_value=
ac_cv_env_LIBS_set=
ac_cv_env_LIBS_value=
ac_cv_env_build_alias_set=
ac_cv_env_build_alias_value=
ac_cv_env_host_alias_set=
ac_cv_env_host_alias_value=
ac_cv_env_target_alias_set=
ac_cv_env_target_alias_value=
ac_cv_header_dlfcn_h=yes
ac_cv_header_inttypes_h=yes
ac_cv_header_memory_h=yes
ac_cv_header_stdc=yes
ac_cv_header_stdint_h=yes
ac_cv_header_stdlib_h=yes
ac_cv_header_string_h=yes
ac_cv_header_strings_h=yes
ac_cv_header_sys_stat_h=yes
ac_cv_header_sys_types_h=yes
ac_cv_header_unistd_h=yes
ac_cv_host=i686-pc-linux-gnu
ac_cv_lib_portaudio_Pa_GetHostApiCount=no
ac_cv_lib_portaudio_Pa_Initialize=no
ac_cv_objext=o
ac_cv_path_EGREP='/bin/grep -E'
ac_cv_path_FGREP='/bin/grep -F'
ac_cv_path_GREP=/bin/grep
ac_cv_path_SED=/bin/sed
ac_cv_path_install='/usr/bin/install -c'
ac_cv_path_mkdir=/bin/mkdir
ac_cv_prog_AWK=mawk
ac_cv_prog_CPP='gcc -E'
ac_cv_prog_CXXCPP='g++ -E'
ac_cv_prog_ac_ct_AR=ar
ac_cv_prog_ac_ct_CC=gcc
ac_cv_prog_ac_ct_CXX=g++
ac_cv_prog_ac_ct_MANIFEST_TOOL=mt
ac_cv_prog_ac_ct_OBJDUMP=objdump
ac_cv_prog_ac_ct_RANLIB=ranlib
ac_cv_prog_ac_ct_STRIP=strip
ac_cv_prog_cc_c89=
ac_cv_prog_cc_g=yes
ac_cv_prog_cc_gcc_c_o=yes
ac_cv_prog_cxx_g=yes
ac_cv_prog_make_make_set=yes
am_cv_CC_dependencies_compiler_type=gcc3
am_cv_CXX_dependencies_compiler_type=gcc3
lt_cv_ar_at_file=@
lt_cv_archive_cmds_need_lc=no
lt_cv_deplibs_check_method=pass_all
lt_cv_file_magic_cmd='$MAGIC_CMD'
lt_cv_file_magic_test_file=
lt_cv_ld_reload_flag=-r
lt_cv_nm_interface='BSD nm'
lt_cv_objdir=.libs
lt_cv_path_LD=/usr/bin/ld
lt_cv_path_LDCXX=/usr/bin/ld
lt_cv_path_NM='/usr/bin/nm -B'
lt_cv_path_mainfest_tool=no
lt_cv_prog_compiler_c_o=yes
lt_cv_prog_compiler_c_o_CXX=yes
lt_cv_prog_compiler_pic='-fPIC -DPIC'
lt_cv_prog_compiler_pic_CXX='-fPIC -DPIC'
lt_cv_prog_compiler_pic_works=yes
lt_cv_prog_compiler_pic_works_CXX=yes
lt_cv_prog_compiler_rtti_exceptions=no
lt_cv_prog_compiler_static_works=yes
lt_cv_prog_compiler_static_works_CXX=yes
lt_cv_prog_gnu_ld=yes
lt_cv_prog_gnu_ldcxx=yes
lt_cv_sharedlib_from_linklib_cmd='printf %s\n'
lt_cv_shlibpath_overrides_runpath=no
lt_cv_sys_global_symbol_pipe='sed -n -e '\''s/^.*[	 ]\([ABCDGIRSTW][ABCDGIRSTW]*\)[	 ][	 ]*\([_A-Za-z][_A-Za-z0-9]*\)$/\1 \2 \2/p'\'' | sed '\''/ __gnu_lto/d'\'''
lt_cv_sys_global_symbol_to_c_name_address='sed -n -e '\''s/^: \([^ ]*\)[ ]*$/  {\"\1\", (void *) 0},/p'\'' -e '\''s/^[ABCDGIRSTW]* \([^ ]*\) \([^ ]*\)$/  {"\2", (void *) \&\2},/p'\'''
lt_cv_sys_global_symbol_to_c_name_address_lib_prefix='sed -n -e '\''s/^: \([^ ]*\)[ ]*$/  {\"\1\", (void *) 0},/p'\'' -e '\''s/^[ABCDGIRSTW]* \([^ ]*\) \(lib[^ ]*\)$/  {"\2", (void *) \&\2},/p'\'' -e '\''s/^[ABCDGIRSTW]* \([^ ]*\) \([^ ]*\)$/  {"lib\2", (void *) \&\2},/p'\'''
lt_cv_sys_global_symbol_to_cdecl='sed -n -e '\''s/^T .* \(.*\)$/extern int \1();/p'\'' -e '\''s/^[ABCDGIRSTW]* .* \(.*\)$/extern char \1;/p'\'''
lt_cv_sys_max_cmd_len=1572864
lt_cv_to_host_file_cmd=func_convert_file_noop
lt_cv_to_tool_file_cmd=func_convert_file_noop

## ----------------- ##
## Output variables. ##
## ----------------- ##

ACLOCAL='${SHELL} /home/julien/Bureau/sithare/lib/opensmile/missing --run aclocal-1.11'
AMDEPBACKSLASH='\'
AMDEP_FALSE='#'
AMDEP_TRUE=''
AMTAR='${SHELL} /home/julien/Bureau/sithare/lib/opensmile/missing --run tar'
AR='ar'
AUTOCONF='${SHELL} /home/julien/Bureau/sithare/lib/opensmile/missing --run autoconf'
AUTOHEADER='${SHELL} /home/julien/Bureau/sithare/lib/opensmile/missing --run autoheader'
AUTOMAKE='${SHELL} /home/julien/Bureau/sithare/lib/opensmile/missing --run automake-1.11'
AWK='mawk'
BUILD_SEMAINExtract_FALSE=''
BUILD_SEMAINExtract_TRUE='#'
BUILD_SMILErec_FALSE=''
BUILD_SMILErec_TRUE='#'
BUILD_SMILEsync_FALSE=''
BUILD_SMILEsync_TRUE='#'
BUILD_SMILExtract_FALSE='#'
BUILD_SMILExtract_TRUE=''
BUILD_audiorecorder_FALSE=''
BUILD_audiorecorder_TRUE='#'
BUILD_audiosplit_FALSE=''
BUILD_audiosplit_TRUE='#'
CC='gcc'
CCDEPMODE='depmode=gcc3'
CFLAGS='-g -O2'
CPP='gcc -E'
CPPFLAGS=''
CXX='g++'
CXXCPP='g++ -E'
CXXDEPMODE='depmode=gcc3'
CXXFLAGS='-g -O2'
CYGPATH_W='echo'
DEFS='-DHAVE_CONFIG_H'
DEPDIR='.deps'
DLIB='-ldl'
DLLTOOL='false'
DSYMUTIL=''
DUMPBIN=''
ECHO_C=''
ECHO_N='-n'
ECHO_T=''
EGREP='/bin/grep -E'
EXEEXT=''
FGREP='/bin/grep -F'
GREP='/bin/grep'
INSTALL_DATA='${INSTALL} -m 644'
INSTALL_PROGRAM='${INSTALL}'
INSTALL_SCRIPT='${INSTALL}'
INSTALL_STRIP_PROGRAM='$(install_sh) -c -s'
LD='/usr/bin/ld'
LDFLAGS=''
LIBOBJS=''
LIBS=''
LIBTOOL='$(SHELL) $(top_builddir)/libtool'
LIPO=''
LN_S='ln -s'
LTLIBOBJS=''
MAKEINFO='${SHELL} /home/julien/Bureau/sithare/lib/opensmile/missing --run makeinfo'
MANIFEST_TOOL=':'
MKDIR_P='/bin/mkdir -p'
NM='/usr/bin/nm -B'
NMEDIT=''
OBJDUMP='objdump'
OBJEXT='o'
OTOOL64=''
OTOOL=''
PACKAGE='openSMILE'
PACKAGE_BUGREPORT=''
PACKAGE_NAME='.'
PACKAGE_STRING='. 1'
PACKAGE_TARNAME='-'
PACKAGE_URL=''
PACKAGE_VERSION='1'
PATH_SEPARATOR=':'
PORTAUDIO_CPPFLAGS=''
PORTAUDIO_LDFLAGS=''
PORTAUDIO_ROOT='/usr'
PTHREAD_CC='gcc'
PTHREAD_CFLAGS=''
PTHREAD_LIBS='-lpthread'
RANLIB='ranlib'
RTNNLLIB_CFLAGS=''
RTNNLLIB_LIBS=''
RTNNLLIB_PREFIX=''
SED='/bin/sed'
SEMAINEAPI_CPPFLAGS=''
SEMAINEAPI_LDFLAGS=''
SEMAINEAPI_ROOT='/home/julien/Bureau/sithare'
SET_MAKE=''
SHELL='/bin/bash'
STRIP='strip'
VERSION='0.0.0'
ac_ct_AR='ar'
ac_ct_CC='gcc'
ac_ct_CXX='g++'
ac_ct_DUMPBIN=''
acx_pthread_config=''
am__EXEEXT_FALSE=''
am__EXEEXT_TRUE='#'
am__fastdepCC_FALSE='#'
am__fastdepCC_TRUE=''
am__fastdepCXX_FALSE='#'
am__fastdepCXX_TRUE=''
am__include='include'
am__isrc=''
am__leading_dot='.'
am__quote=''
am__tar='${AMTAR} chof - "$$tardir"'
am__untar='${AMTAR} xf -'
bindir='${exec_prefix}/bin'
build='i686-pc-linux-gnu'
build_alias=''
build_cpu='i686'
build_os='linux-gnu'
build_vendor='pc'
datadir='${datarootdir}'
datarootdir='${prefix}/share'
docdir='${datarootdir}/doc/${PACKAGE_TARNAME}'
dvidir='${docdir}'
exec_prefix='${prefix}'
host='i686-pc-linux-gnu'
host_alias=''
host_cpu='i686'
host_os='linux-gnu'
host_vendor='pc'
htmldir='${docdir}'
includedir='${prefix}/include'
infodir='${datarootdir}/info'
install_sh='${SHELL} /home/julien/Bureau/sithare/lib/opensmile/install-sh'
libdir='${exec_prefix}/lib'
libexecdir='${exec_prefix}/libexec'
localedir='${datarootdir}/locale'
localstatedir='${prefix}/var'
mandir='${datarootdir}/man'
mkdir_p='/bin/mkdir -p'
oldincludedir='/usr/include'
pdfdir='${docdir}'
prefix='/usr/local'
program_transform_name='s,x,x,'
psdir='${docdir}'
sbindir='${exec_prefix}/sbin'
sharedstatedir='${prefix}/com'
sysconfdir='${prefix}/etc'
target_alias=''

## ----------- ##
## confdefs.h. ##
## ----------- ##

/* confdefs.h */
#define PACKAGE_NAME "."
#define PACKAGE_TARNAME "-"
#define PACKAGE_VERSION "1"
#define PACKAGE_STRING ". 1"
#define PACKAGE_BUGREPORT ""
#define PACKAGE_URL ""
#define PACKAGE "openSMILE"
#define VERSION "0.0.0"
#define STDC_HEADERS 1
#define HAVE_SYS_TYPES_H 1
#define HAVE_SYS_STAT_H 1
#define HAVE_STDLIB_H 1
#define HAVE_STRING_H 1
#define HAVE_MEMORY_H 1
#define HAVE_STRINGS_H 1
#define HAVE_INTTYPES_H 1
#define HAVE_STDINT_H 1
#define HAVE_UNISTD_H 1
#define HAVE_DLFCN_H 1
#define LT_OBJDIR ".libs/"
#define HAVE_PTHREAD 1
#define WITH_LIVEREC 1
#define HAVE_AUTOCONF 1

configure: exit 0

## ---------------------- ##
## Running config.status. ##
## ---------------------- ##

This file was extended by . config.status 1, which was
generated by GNU Autoconf 2.68.  Invocation command line was

  CONFIG_FILES    = 
  CONFIG_HEADERS  = 
  CONFIG_LINKS    = 
  CONFIG_COMMANDS = 
  $ ./config.status config.h

on julien-Inspiron-1012

config.status:1180: creating config.h
config.status:1361: config.h is unchanged
